#
# A fatal error has been detected by the Java Runtime Environment:
#
#  EXCEPTION_ACCESS_VIOLATION (0xc0000005) at pc=0x000000005c4c3833, pid=7928, tid=0x0000000000002d40
#
# JRE version: OpenJDK Runtime Environment (8.0_152-b01) (build 1.8.0_152-release-915-b01)
# Java VM: OpenJDK 64-Bit Server VM (25.152-b01 mixed mode windows-amd64 compressed oops)
# Problematic frame:
# V  [jvm.dll+0x53833]
#
# Failed to write core dump. Minidumps are not enabled by default on client versions of Windows
#
# If you would like to submit a bug report, please visit:
#   http://bugreport.java.com/bugreport/crash.jsp
#

---------------  T H R E A D  ---------------

Current thread (0x0000000016855000):  VMThread [stack: 0x0000000017900000,0x0000000017a00000] [id=11584]

siginfo: ExceptionCode=0xc0000005, reading address 0x00000000ca558fe8

Registers:
RAX=0x000000005ca84ef8, RBX=0x00000000ca558fd8, RCX=0x00000000179ff490, RDX=0x00000000e186e638
RSP=0x00000000179ff320, RBP=0x00000000179ff418, RSI=0x00000000179ff490, RDI=0x000000001f04c348
R8 =0x00000000f5580000, R9 =0x000000000000ea6d, R10=0x0000000000000001, R11=0x00000000179ff378
R12=0x0000000000000004, R13=0x0000000000067858, R14=0x00000000179ff450, R15=0x000000005cbf67f8
RIP=0x000000005c4c3833, EFLAGS=0x0000000000010206

Top of Stack: (sp=0x00000000179ff320)
0x00000000179ff320:   00000000179ff548 000000005c6d7178
0x00000000179ff330:   00000000000001c8 0000000000000001
0x00000000179ff340:   0000000000067858 0000000000001b62
0x00000000179ff350:   0000000005421d50 0000000000000000
0x00000000179ff360:   000000005cbf66d0 0000000000000004
0x00000000179ff370:   000000005ca84f40 000000005c4c4730
0x00000000179ff380:   000000005cbf67f8 000000000550c500
0x00000000179ff390:   00000000179ff4c0 00000000054223b0
0x00000000179ff3a0:   00000000179ff418 00000000179ff450
0x00000000179ff3b0:   00000000054223b0 000000005c83e4d5
0x00000000179ff3c0:   000000000550c500 000000005ca84f40
0x00000000179ff3d0:   000000005ca84f40 00000000054c0720
0x00000000179ff3e0:   000000005cbf66d0 000000000000008a
0x00000000179ff3f0:   000000005cbf66d0 000000000000008a
0x00000000179ff400:   00000000179ff801 000000005cf15601
0x00000000179ff410:   ffffffff00000001 000000000000d5f8 

Instructions: (pc=0x000000005c4c3833)
0x000000005c4c3813:   0e 48 85 db 74 78 4c 8b 7c 24 60 4c 8b b4 24 88
0x000000005c4c3823:   00 00 00 66 66 0f 1f 84 00 00 00 00 00 49 8b 07
0x000000005c4c3833:   48 8b 53 10 49 8b cf ff 10 84 c0 74 18 48 85 f6
0x000000005c4c3843:   74 0d 48 8b 06 48 8d 53 10 48 8b ce ff 50 08 48 


Register to memory mapping:

RAX=0x000000005ca84ef8 is an unknown value
RBX=0x00000000ca558fd8 is an unknown value
RCX=0x00000000179ff490 is an unknown value
RDX=0x00000000e186e638 is an oop
java.lang.String 
 - klass: 'java/lang/String'
RSP=0x00000000179ff320 is an unknown value
RBP=0x00000000179ff418 is an unknown value
RSI=0x00000000179ff490 is an unknown value
RDI=0x000000001f04c348 is an unknown value
R8 =0x00000000f5580000 is an oop
[C 
 - klass: {type array char}
 - length: 16
R9 =0x000000000000ea6d is an unknown value
R10=0x0000000000000001 is an unknown value
R11=0x00000000179ff378 is an unknown value
R12=0x0000000000000004 is an unknown value
R13=0x0000000000067858 is an unknown value
R14=0x00000000179ff450 is an unknown value
R15=0x000000005cbf67f8 is an unknown value


Stack: [0x0000000017900000,0x0000000017a00000],  sp=0x00000000179ff320,  free space=1020k
Native frames: (J=compiled Java code, j=interpreted, Vv=VM code, C=native code)
V  [jvm.dll+0x53833]
V  [jvm.dll+0x54730]
V  [jvm.dll+0x3ce4d5]
V  [jvm.dll+0x3cebf0]
V  [jvm.dll+0x3bea84]
V  [jvm.dll+0x3d1246]
V  [jvm.dll+0x223ac7]
V  [jvm.dll+0x222d82]
V  [jvm.dll+0x223201]
V  [jvm.dll+0x22341e]
V  [jvm.dll+0x26d4aa]
C  [msvcr100.dll+0x21d9f]
C  [msvcr100.dll+0x21e3b]
C  [KERNEL32.DLL+0x11fe4]
C  [ntdll.dll+0x6efc1]

VM_Operation (0x000000004855e830): ParallelGCFailedAllocation, mode: safepoint, requested by thread 0x000000001c53b800


---------------  P R O C E S S  ---------------

Java Threads: ( => current thread )
  0x0000000018979800 JavaThread "Task worker for ':' Thread 3" [_thread_blocked, id=8600, stack(0x0000000048c60000,0x0000000048d60000)]
  0x000000001897a800 JavaThread "Task worker for ':' Thread 2" [_thread_blocked, id=2160, stack(0x0000000048b60000,0x0000000048c60000)]
  0x0000000018978000 JavaThread "Task worker for ':'" [_thread_blocked, id=10716, stack(0x0000000048a60000,0x0000000048b60000)]
  0x000000001896f000 JavaThread "Cache worker for task history cache (J:\SYSU_STUDY\android_project\project1_2\.gradle\4.1\taskHistory)" [_thread_blocked, id=9408, stack(0x0000000048960000,0x0000000048a60000)]
  0x0000000018970800 JavaThread "Cache worker for file content cache (J:\SYSU_STUDY\android_project\project1_2\.gradle\4.1\fileContent)" [_thread_blocked, id=11248, stack(0x0000000048860000,0x0000000048960000)]
  0x000000001896e800 JavaThread "build operations Thread 4" [_thread_blocked, id=7292, stack(0x0000000048760000,0x0000000048860000)]
  0x000000001c53c800 JavaThread "build operations Thread 3" [_thread_blocked, id=552, stack(0x0000000048660000,0x0000000048760000)]
  0x000000001c53a000 JavaThread "build operations Thread 2" [_thread_blocked, id=13100, stack(0x0000000048560000,0x0000000048660000)]
  0x000000001c53b800 JavaThread "build operations" [_thread_blocked, id=9088, stack(0x0000000048460000,0x0000000048560000)]
  0x000000001c538800 JavaThread "Cache worker for Artifact transforms cache (C:\Users\kalyI\.gradle\caches\transforms-1)" [_thread_blocked, id=14768, stack(0x0000000048360000,0x0000000048460000)]
  0x000000001c53f800 JavaThread "Cache worker for file hash cache (J:\SYSU_STUDY\android_project\project1_2\.gradle\4.1\fileHashes)" [_thread_blocked, id=14116, stack(0x0000000048260000,0x0000000048360000)]
  0x000000001c538000 JavaThread "Stdin handler" [_thread_blocked, id=14916, stack(0x0000000048160000,0x0000000048260000)]
  0x000000001c537000 JavaThread "Asynchronous log dispatcher for DefaultDaemonConnection: socket connection from /127.0.0.1:26709 to /127.0.0.1:33095" [_thread_blocked, id=6608, stack(0x0000000048060000,0x0000000048160000)]
  0x000000001c53e000 JavaThread "Daemon worker Thread 8" [_thread_blocked, id=2028, stack(0x0000000047f60000,0x0000000048060000)]
  0x000000001c531000 JavaThread "Cancel handler" [_thread_blocked, id=4488, stack(0x0000000047e60000,0x0000000047f60000)]
  0x000000001c535800 JavaThread "Handler for socket connection from /127.0.0.1:26709 to /127.0.0.1:33095" [_thread_in_native, id=10780, stack(0x0000000047d60000,0x0000000047e60000)]
  0x000000001c535000 JavaThread "Daemon Thread 8" [_thread_blocked, id=7924, stack(0x0000000047c60000,0x0000000047d60000)]
  0x000000001aa23000 JavaThread "Memory manager" [_thread_blocked, id=5684, stack(0x00000000209b0000,0x0000000020ab0000)]
  0x000000001969a000 JavaThread "File lock request listener" [_thread_in_native, id=13388, stack(0x000000001be60000,0x000000001bf60000)]
  0x0000000019ba1000 JavaThread "Cache worker for file hash cache (C:\Users\kalyI\.gradle\caches\4.1\fileHashes)" [_thread_blocked, id=13416, stack(0x000000001bd60000,0x000000001be60000)]
  0x00000000195e6800 JavaThread "Daemon periodic checks" [_thread_blocked, id=7440, stack(0x000000001b260000,0x000000001b360000)]
  0x00000000195e5800 JavaThread "Incoming local TCP Connector on port 26709" [_thread_in_native, id=2020, stack(0x0000000019ed0000,0x0000000019fd0000)]
  0x0000000017c8a800 JavaThread "Service Thread" daemon [_thread_blocked, id=1128, stack(0x0000000018500000,0x0000000018600000)]
  0x00000000168ed800 JavaThread "C1 CompilerThread2" daemon [_thread_blocked, id=11744, stack(0x0000000018400000,0x0000000018500000)]
  0x00000000168ed000 JavaThread "C2 CompilerThread1" daemon [_thread_blocked, id=9612, stack(0x0000000018300000,0x0000000018400000)]
  0x00000000168e9800 JavaThread "C2 CompilerThread0" daemon [_thread_in_native, id=9712, stack(0x0000000018200000,0x0000000018300000)]
  0x00000000168e8000 JavaThread "Attach Listener" daemon [_thread_blocked, id=12308, stack(0x0000000018100000,0x0000000018200000)]
  0x000000001689e000 JavaThread "Signal Dispatcher" daemon [_thread_blocked, id=4260, stack(0x0000000018000000,0x0000000018100000)]
  0x000000000551d000 JavaThread "Finalizer" daemon [_thread_blocked, id=10436, stack(0x0000000017b00000,0x0000000017c00000)]
  0x0000000005512000 JavaThread "Reference Handler" daemon [_thread_blocked, id=11156, stack(0x0000000017a00000,0x0000000017b00000)]
  0x0000000004edd800 JavaThread "main" [_thread_blocked, id=768, stack(0x0000000005320000,0x0000000005420000)]

Other Threads:
=>0x0000000016855000 VMThread [stack: 0x0000000017900000,0x0000000017a00000] [id=11584]
  0x0000000017c8b800 WatcherThread [stack: 0x0000000018600000,0x0000000018700000] [id=2584]

VM state:at safepoint (normal execution)

VM Mutex/Monitor currently owned by a thread:  ([mutex/lock_event])
[0x0000000004edce30] Threads_lock - owner thread: 0x0000000016855000
[0x0000000004edca30] Heap_lock - owner thread: 0x000000001c53b800

Heap:
 PSYoungGen      total 146432K, used 123126K [0x00000000f5580000, 0x0000000100000000, 0x0000000100000000)
  eden space 118272K, 100% used [0x00000000f5580000,0x00000000fc900000,0x00000000fc900000)
  from space 28160K, 17% used [0x00000000fc900000,0x00000000fcdbd8a8,0x00000000fe480000)
  to   space 27136K, 37% used [0x00000000fe580000,0x00000000fef544d0,0x0000000100000000)
 ParOldGen       total 349696K, used 334121K [0x00000000e0000000, 0x00000000f5580000, 0x00000000f5580000)
  object space 349696K, 95% used [0x00000000e0000000,0x00000000f464a708,0x00000000f5580000)
 Metaspace       used 93253K, capacity 99218K, committed 99416K, reserved 1136640K
  class space    used 11590K, capacity 12807K, committed 12928K, reserved 1048576K

Card table byte_map: [0x00000000148e0000,0x00000000149f0000] byte_map_base: 0x00000000141e0000

Marking Bits: (ParMarkBitMap*) 0x000000005cc33950
 Begin Bits: [0x0000000014df0000, 0x00000000155f0000)
 End Bits:   [0x00000000155f0000, 0x0000000015df0000)

Polling page: 0x0000000003110000

CodeCache: size=245760Kb used=71407Kb max_used=75553Kb free=174352Kb
 bounds [0x0000000005520000, 0x0000000009f90000, 0x0000000014520000]
 total_blobs=21354 nmethods=20468 adapters=797
 compilation: enabled

Compilation events (10 events):
Event: 7394.025 Thread 0x00000000168ed000 28323       4       java.lang.Long::equals (30 bytes)
Event: 7394.027 Thread 0x00000000168ed000 nmethod 28323 0x0000000007dd6190 code [0x0000000007dd62e0, 0x0000000007dd6398]
Event: 7394.036 Thread 0x00000000168ed800 28324       3       org.gradle.cache.internal.DefaultCacheAccess::useCache (10 bytes)
Event: 7394.037 Thread 0x00000000168ed800 nmethod 28324 0x0000000007d4e890 code [0x0000000007d4ea20, 0x0000000007d4ed48]
Event: 7394.037 Thread 0x00000000168ed800 28325       3       org.gradle.internal.Factories::toFactory (9 bytes)
Event: 7394.038 Thread 0x00000000168ed800 nmethod 28325 0x0000000007426390 code [0x0000000007426500, 0x0000000007426750]
Event: 7394.038 Thread 0x00000000168ed800 28326       3       org.gradle.internal.Factories$1::create (11 bytes)
Event: 7394.038 Thread 0x00000000168ed800 nmethod 28326 0x0000000007a21e50 code [0x0000000007a21fc0, 0x0000000007a221e8]
Event: 7394.038 Thread 0x00000000168ed800 28327       1       org.gradle.api.internal.changedetection.rules.ChangeType::describe (5 bytes)
Event: 7394.039 Thread 0x00000000168ed800 nmethod 28327 0x0000000007ecd750 code [0x0000000007ecd8a0, 0x0000000007ecd9b0]

GC Heap History (10 events):
Event: 3004.838 GC heap after
Heap after GC invocations=134 (full 5):
 PSYoungGen      total 146432K, used 10784K [0x00000000f5580000, 0x0000000100000000, 0x0000000100000000)
  eden space 120320K, 0% used [0x00000000f5580000,0x00000000f5580000,0x00000000fcb00000)
  from space 26112K, 41% used [0x00000000fcb00000,0x00000000fd5882a0,0x00000000fe480000)
  to   space 25600K, 0% used [0x00000000fe700000,0x00000000fe700000,0x0000000100000000)
 ParOldGen       total 349696K, used 334081K [0x00000000e0000000, 0x00000000f5580000, 0x00000000f5580000)
  object space 349696K, 95% used [0x00000000e0000000,0x00000000f4640708,0x00000000f5580000)
 Metaspace       used 92495K, capacity 97998K, committed 98264K, reserved 1134592K
  class space    used 11504K, capacity 12619K, committed 12800K, reserved 1048576K
}
Event: 4283.584 GC heap before
{Heap before GC invocations=135 (full 5):
 PSYoungGen      total 146432K, used 131104K [0x00000000f5580000, 0x0000000100000000, 0x0000000100000000)
  eden space 120320K, 100% used [0x00000000f5580000,0x00000000fcb00000,0x00000000fcb00000)
  from space 26112K, 41% used [0x00000000fcb00000,0x00000000fd5882a0,0x00000000fe480000)
  to   space 25600K, 0% used [0x00000000fe700000,0x00000000fe700000,0x0000000100000000)
 ParOldGen       total 349696K, used 334081K [0x00000000e0000000, 0x00000000f5580000, 0x00000000f5580000)
  object space 349696K, 95% used [0x00000000e0000000,0x00000000f4640708,0x00000000f5580000)
 Metaspace       used 92578K, capacity 98082K, committed 98264K, reserved 1134592K
  class space    used 11511K, capacity 12633K, committed 12800K, reserved 1048576K
Event: 4283.593 GC heap after
Heap after GC invocations=135 (full 5):
 PSYoungGen      total 144896K, used 4468K [0x00000000f5580000, 0x00000000ffc80000, 0x0000000100000000)
  eden space 122880K, 0% used [0x00000000f5580000,0x00000000f5580000,0x00000000fcd80000)
  from space 22016K, 20% used [0x00000000fe700000,0x00000000feb5d2c8,0x00000000ffc80000)
  to   space 24064K, 0% used [0x00000000fcd80000,0x00000000fcd80000,0x00000000fe500000)
 ParOldGen       total 349696K, used 334089K [0x00000000e0000000, 0x00000000f5580000, 0x00000000f5580000)
  object space 349696K, 95% used [0x00000000e0000000,0x00000000f4642708,0x00000000f5580000)
 Metaspace       used 92578K, capacity 98082K, committed 98264K, reserved 1134592K
  class space    used 11511K, capacity 12633K, committed 12800K, reserved 1048576K
}
Event: 4671.751 GC heap before
{Heap before GC invocations=136 (full 5):
 PSYoungGen      total 144896K, used 127348K [0x00000000f5580000, 0x00000000ffc80000, 0x0000000100000000)
  eden space 122880K, 100% used [0x00000000f5580000,0x00000000fcd80000,0x00000000fcd80000)
  from space 22016K, 20% used [0x00000000fe700000,0x00000000feb5d2c8,0x00000000ffc80000)
  to   space 24064K, 0% used [0x00000000fcd80000,0x00000000fcd80000,0x00000000fe500000)
 ParOldGen       total 349696K, used 334089K [0x00000000e0000000, 0x00000000f5580000, 0x00000000f5580000)
  object space 349696K, 95% used [0x00000000e0000000,0x00000000f4642708,0x00000000f5580000)
 Metaspace       used 92851K, capacity 98582K, committed 98904K, reserved 1134592K
  class space    used 11551K, capacity 12725K, committed 12928K, reserved 1048576K
Event: 4671.797 GC heap after
Heap after GC invocations=136 (full 5):
 PSYoungGen      total 146944K, used 13632K [0x00000000f5580000, 0x0000000100000000, 0x0000000100000000)
  eden space 122880K, 0% used [0x00000000f5580000,0x00000000f5580000,0x00000000fcd80000)
  from space 24064K, 56% used [0x00000000fcd80000,0x00000000fdad0028,0x00000000fe500000)
  to   space 25088K, 0% used [0x00000000fe780000,0x00000000fe780000,0x0000000100000000)
 ParOldGen       total 349696K, used 334097K [0x00000000e0000000, 0x00000000f5580000, 0x00000000f5580000)
  object space 349696K, 95% used [0x00000000e0000000,0x00000000f4644708,0x00000000f5580000)
 Metaspace       used 92851K, capacity 98582K, committed 98904K, reserved 1134592K
  class space    used 11551K, capacity 12725K, committed 12928K, reserved 1048576K
}
Event: 4685.616 GC heap before
{Heap before GC invocations=137 (full 5):
 PSYoungGen      total 146944K, used 136512K [0x00000000f5580000, 0x0000000100000000, 0x0000000100000000)
  eden space 122880K, 100% used [0x00000000f5580000,0x00000000fcd80000,0x00000000fcd80000)
  from space 24064K, 56% used [0x00000000fcd80000,0x00000000fdad0028,0x00000000fe500000)
  to   space 25088K, 0% used [0x00000000fe780000,0x00000000fe780000,0x0000000100000000)
 ParOldGen       total 349696K, used 334097K [0x00000000e0000000, 0x00000000f5580000, 0x00000000f5580000)
  object space 349696K, 95% used [0x00000000e0000000,0x00000000f4644708,0x00000000f5580000)
 Metaspace       used 92994K, capacity 98646K, committed 98904K, reserved 1134592K
  class space    used 11553K, capacity 12725K, committed 12928K, reserved 1048576K
Event: 4685.643 GC heap after
Heap after GC invocations=137 (full 5):
 PSYoungGen      total 143360K, used 21828K [0x00000000f5580000, 0x0000000100000000, 0x0000000100000000)
  eden space 118272K, 0% used [0x00000000f5580000,0x00000000f5580000,0x00000000fc900000)
  from space 25088K, 87% used [0x00000000fe780000,0x00000000ffcd13e8,0x0000000100000000)
  to   space 28160K, 0% used [0x00000000fc900000,0x00000000fc900000,0x00000000fe480000)
 ParOldGen       total 349696K, used 334105K [0x00000000e0000000, 0x00000000f5580000, 0x00000000f5580000)
  object space 349696K, 95% used [0x00000000e0000000,0x00000000f4646708,0x00000000f5580000)
 Metaspace       used 92994K, capacity 98646K, committed 98904K, reserved 1134592K
  class space    used 11553K, capacity 12725K, committed 12928K, reserved 1048576K
}
Event: 5023.583 GC heap before
{Heap before GC invocations=138 (full 5):
 PSYoungGen      total 143360K, used 140100K [0x00000000f5580000, 0x0000000100000000, 0x0000000100000000)
  eden space 118272K, 100% used [0x00000000f5580000,0x00000000fc900000,0x00000000fc900000)
  from space 25088K, 87% used [0x00000000fe780000,0x00000000ffcd13e8,0x0000000100000000)
  to   space 28160K, 0% used [0x00000000fc900000,0x00000000fc900000,0x00000000fe480000)
 ParOldGen       total 349696K, used 334105K [0x00000000e0000000, 0x00000000f5580000, 0x00000000f5580000)
  object space 349696K, 95% used [0x00000000e0000000,0x00000000f4646708,0x00000000f5580000)
 Metaspace       used 93039K, capacity 98744K, committed 99160K, reserved 1136640K
  class space    used 11556K, capacity 12730K, committed 12928K, reserved 1048576K
Event: 5023.593 GC heap after
Heap after GC invocations=138 (full 5):
 PSYoungGen      total 146432K, used 4854K [0x00000000f5580000, 0x0000000100000000, 0x0000000100000000)
  eden space 118272K, 0% used [0x00000000f5580000,0x00000000f5580000,0x00000000fc900000)
  from space 28160K, 17% used [0x00000000fc900000,0x00000000fcdbd8a8,0x00000000fe480000)
  to   space 27136K, 0% used [0x00000000fe580000,0x00000000fe580000,0x0000000100000000)
 ParOldGen       total 349696K, used 334113K [0x00000000e0000000, 0x00000000f5580000, 0x00000000f5580000)
  object space 349696K, 95% used [0x00000000e0000000,0x00000000f4648708,0x00000000f5580000)
 Metaspace       used 93039K, capacity 98744K, committed 99160K, reserved 1136640K
  class space    used 11556K, capacity 12730K, committed 12928K, reserved 1048576K
}
Event: 7394.052 GC heap before
{Heap before GC invocations=139 (full 5):
 PSYoungGen      total 146432K, used 123126K [0x00000000f5580000, 0x0000000100000000, 0x0000000100000000)
  eden space 118272K, 100% used [0x00000000f5580000,0x00000000fc900000,0x00000000fc900000)
  from space 28160K, 17% used [0x00000000fc900000,0x00000000fcdbd8a8,0x00000000fe480000)
  to   space 27136K, 0% used [0x00000000fe580000,0x00000000fe580000,0x0000000100000000)
 ParOldGen       total 349696K, used 334113K [0x00000000e0000000, 0x00000000f5580000, 0x00000000f5580000)
  object space 349696K, 95% used [0x00000000e0000000,0x00000000f4648708,0x00000000f5580000)
 Metaspace       used 93253K, capacity 99218K, committed 99416K, reserved 1136640K
  class space    used 11590K, capacity 12807K, committed 12928K, reserved 1048576K

Deoptimization events (10 events):
Event: 4671.358 Thread 0x000000001aee4800 Uncommon trap: reason=bimorphic action=maybe_recompile pc=0x0000000007a2205c method=org.gradle.api.internal.changedetection.state.AbstractNormalizedFileSnapshot.compareTo(Lorg/gradle/api/internal/changedetection/state/NormalizedFileSnapshot;)I @ 1
Event: 4671.856 Thread 0x000000001aee4800 Uncommon trap: reason=class_check action=maybe_recompile pc=0x0000000008619980 method=com.sun.tools.javac.comp.Attr$TypeAnnotationsValidator.validateAnnotatedType(Lcom/sun/tools/javac/tree/JCTree;Lcom/sun/tools/javac/code/Type;)V @ 99
Event: 4671.856 Thread 0x000000001aee4800 Uncommon trap: reason=speculate_class_check action=maybe_recompile pc=0x000000000861986c method=com.sun.tools.javac.tree.JCTree.hasTag(Lcom/sun/tools/javac/tree/JCTree$Tag;)Z @ 2
Event: 4671.856 Thread 0x000000001aee4800 Uncommon trap: reason=class_check action=maybe_recompile pc=0x0000000008619980 method=com.sun.tools.javac.comp.Attr$TypeAnnotationsValidator.validateAnnotatedType(Lcom/sun/tools/javac/tree/JCTree;Lcom/sun/tools/javac/code/Type;)V @ 99
Event: 4684.948 Thread 0x000000001aee4800 Uncommon trap: reason=unstable_if action=reinterpret pc=0x000000000898b24c method=org.objectweb.asm.MethodVisitor.visitInsn(I)V @ 4
Event: 4685.222 Thread 0x000000001897d800 Uncommon trap: reason=unstable_if action=reinterpret pc=0x00000000076437e0 method=java.math.BigInteger.makePositive([B)[I @ 33
Event: 4686.351 Thread 0x0000000018976800 Uncommon trap: reason=unstable_if action=reinterpret pc=0x0000000006da25b0 method=java.lang.ref.SoftReference.get()Ljava/lang/Object; @ 6
Event: 7242.427 Thread 0x00000000195e6800 Uncommon trap: reason=unstable_if action=reinterpret pc=0x00000000096454ec method=java.text.DecimalFormat.format(JLjava/lang/StringBuffer;Ljava/text/Format$FieldDelegate;)Ljava/lang/StringBuffer; @ 136
Event: 7242.427 Thread 0x00000000195e6800 Uncommon trap: reason=unstable_if action=reinterpret pc=0x0000000009bb11f4 method=java.text.DigitList.set(ZJI)V @ 8
Event: 7242.427 Thread 0x00000000195e6800 Uncommon trap: reason=unstable_if action=reinterpret pc=0x0000000009bbfe98 method=java.text.DigitList.isZero()Z @ 7

Classes redefined (0 events):
No events

Internal exceptions (10 events):
Event: 7350.511 Thread 0x000000001c53e000 Exception <a 'sun/nio/fs/WindowsException'> (0x00000000f9fd6b30) thrown at [D:\src\AOSP-openjdk-cygwin\jdk8u\hotspot\src\share\vm\prims\jni.cpp, line 709]
Event: 7350.511 Thread 0x000000001c53e000 Exception <a 'sun/nio/fs/WindowsException'> (0x00000000f9fd7c18) thrown at [D:\src\AOSP-openjdk-cygwin\jdk8u\hotspot\src\share\vm\prims\jni.cpp, line 709]
Event: 7350.513 Thread 0x000000001c53e000 Exception <a 'sun/nio/fs/WindowsException'> (0x00000000f9fe0538) thrown at [D:\src\AOSP-openjdk-cygwin\jdk8u\hotspot\src\share\vm\prims\jni.cpp, line 709]
Event: 7350.513 Thread 0x000000001c53e000 Exception <a 'sun/nio/fs/WindowsException'> (0x00000000f9fe1638) thrown at [D:\src\AOSP-openjdk-cygwin\jdk8u\hotspot\src\share\vm\prims\jni.cpp, line 709]
Event: 7350.513 Thread 0x000000001c53e000 Exception <a 'sun/nio/fs/WindowsException'> (0x00000000f9fe3068) thrown at [D:\src\AOSP-openjdk-cygwin\jdk8u\hotspot\src\share\vm\prims\jni.cpp, line 709]
Event: 7350.513 Thread 0x000000001c53e000 Exception <a 'sun/nio/fs/WindowsException'> (0x00000000f9fe4158) thrown at [D:\src\AOSP-openjdk-cygwin\jdk8u\hotspot\src\share\vm\prims\jni.cpp, line 709]
Event: 7350.514 Thread 0x000000001c53e000 Exception <a 'sun/nio/fs/WindowsException'> (0x00000000f9fe5340) thrown at [D:\src\AOSP-openjdk-cygwin\jdk8u\hotspot\src\share\vm\prims\jni.cpp, line 709]
Event: 7350.514 Thread 0x000000001c53e000 Exception <a 'sun/nio/fs/WindowsException'> (0x00000000f9fe6428) thrown at [D:\src\AOSP-openjdk-cygwin\jdk8u\hotspot\src\share\vm\prims\jni.cpp, line 709]
Event: 7372.930 Thread 0x0000000018979800 Exception <a 'java/net/ConnectException': Connection timed out: connect> (0x00000000facecd00) thrown at [D:\src\AOSP-openjdk-cygwin\jdk8u\hotspot\src\share\vm\prims\jni.cpp, line 735]
Event: 7392.607 Thread 0x0000000018979800 Exception <a 'java/net/SocketTimeoutException': Read timed out> (0x00000000fada9a28) thrown at [D:\src\AOSP-openjdk-cygwin\jdk8u\hotspot\src\share\vm\prims\jni.cpp, line 735]

Events (10 events):
Event: 7393.985 Executing VM operation: RevokeBias done
Event: 7394.037 Executing VM operation: RevokeBias
Event: 7394.038 Executing VM operation: RevokeBias done
Event: 7394.038 Executing VM operation: RevokeBias
Event: 7394.038 Executing VM operation: RevokeBias done
Event: 7394.038 Executing VM operation: RevokeBias
Event: 7394.038 Executing VM operation: RevokeBias done
Event: 7394.038 Executing VM operation: RevokeBias
Event: 7394.038 Executing VM operation: RevokeBias done
Event: 7394.052 Executing VM operation: ParallelGCFailedAllocation


Dynamic libraries:
0x00007ff798a10000 - 0x00007ff798a41000 	J:\Android_Studio\AS\jre\bin\java.exe
0x00007ffed79d0000 - 0x00007ffed7bb0000 	C:\WINDOWS\SYSTEM32\ntdll.dll
0x00007ffed4ea0000 - 0x00007ffed4f4e000 	C:\WINDOWS\System32\KERNEL32.DLL
0x00007ffed4340000 - 0x00007ffed45a6000 	C:\WINDOWS\System32\KERNELBASE.dll
0x00007ffed78f0000 - 0x00007ffed7991000 	C:\WINDOWS\System32\ADVAPI32.dll
0x00007ffed5ac0000 - 0x00007ffed5b5d000 	C:\WINDOWS\System32\msvcrt.dll
0x00007ffed4f50000 - 0x00007ffed4fab000 	C:\WINDOWS\System32\sechost.dll
0x00007ffed5980000 - 0x00007ffed5a9f000 	C:\WINDOWS\System32\RPCRT4.dll
0x00007ffed5680000 - 0x00007ffed580f000 	C:\WINDOWS\System32\USER32.dll
0x00007ffed4d80000 - 0x00007ffed4da0000 	C:\WINDOWS\System32\win32u.dll
0x00007ffed5540000 - 0x00007ffed5568000 	C:\WINDOWS\System32\GDI32.dll
0x00007ffed3fd0000 - 0x00007ffed4163000 	C:\WINDOWS\System32\gdi32full.dll
0x00007ffed3e30000 - 0x00007ffed3ecb000 	C:\WINDOWS\System32\msvcp_win.dll
0x00007ffed4da0000 - 0x00007ffed4e96000 	C:\WINDOWS\System32\ucrtbase.dll
0x00007ffec8b70000 - 0x00007ffec8dd9000 	C:\WINDOWS\WinSxS\amd64_microsoft.windows.common-controls_6595b64144ccf1df_6.0.16299.248_none_15ced204935f55d7\COMCTL32.dll
0x00007ffed4fb0000 - 0x00007ffed52b8000 	C:\WINDOWS\System32\combase.dll
0x00007ffed45b0000 - 0x00007ffed4622000 	C:\WINDOWS\System32\bcryptPrimitives.dll
0x00007ffed5650000 - 0x00007ffed567d000 	C:\WINDOWS\System32\IMM32.DLL
0x000000005cef0000 - 0x000000005cfc2000 	J:\Android_Studio\AS\jre\jre\bin\msvcr100.dll
0x000000005c470000 - 0x000000005ccae000 	J:\Android_Studio\AS\jre\jre\bin\server\jvm.dll
0x00007ffed60d0000 - 0x00007ffed60d8000 	C:\WINDOWS\System32\PSAPI.DLL
0x00007ffed1da0000 - 0x00007ffed1dc3000 	C:\WINDOWS\SYSTEM32\WINMM.dll
0x00007ffec4060000 - 0x00007ffec4069000 	C:\WINDOWS\SYSTEM32\WSOCK32.dll
0x00007ffed5fb0000 - 0x00007ffed601c000 	C:\WINDOWS\System32\WS2_32.dll
0x00007ffecbc20000 - 0x00007ffecbc2a000 	C:\WINDOWS\SYSTEM32\VERSION.dll
0x00007ffed1d70000 - 0x00007ffed1d9a000 	C:\WINDOWS\SYSTEM32\winmmbase.dll
0x00007ffed3f80000 - 0x00007ffed3fca000 	C:\WINDOWS\System32\cfgmgr32.dll
0x00007ffecd950000 - 0x00007ffecd95f000 	J:\Android_Studio\AS\jre\jre\bin\verify.dll
0x00007ffebe290000 - 0x00007ffebe2b9000 	J:\Android_Studio\AS\jre\jre\bin\java.dll
0x00007ffebfc00000 - 0x00007ffebfc16000 	J:\Android_Studio\AS\jre\jre\bin\zip.dll
0x00007ffed64b0000 - 0x00007ffed78e6000 	C:\WINDOWS\System32\SHELL32.dll
0x00007ffed6020000 - 0x00007ffed60c6000 	C:\WINDOWS\System32\shcore.dll
0x00007ffed4630000 - 0x00007ffed4d77000 	C:\WINDOWS\System32\windows.storage.dll
0x00007ffed5570000 - 0x00007ffed55c1000 	C:\WINDOWS\System32\shlwapi.dll
0x00007ffed3d40000 - 0x00007ffed3d51000 	C:\WINDOWS\System32\kernel.appcore.dll
0x00007ffed3d60000 - 0x00007ffed3dac000 	C:\WINDOWS\System32\powrprof.dll
0x00007ffed3db0000 - 0x00007ffed3dcb000 	C:\WINDOWS\System32\profapi.dll
0x00007ffebf4d0000 - 0x00007ffebf4ea000 	J:\Android_Studio\AS\jre\jre\bin\net.dll
0x00007ffed3520000 - 0x00007ffed3586000 	C:\WINDOWS\system32\mswsock.dll
0x00007ffebf060000 - 0x00007ffebf071000 	J:\Android_Studio\AS\jre\jre\bin\nio.dll
0x00007ffecdb30000 - 0x00007ffecdb4e000 	C:\Users\kalyI\.gradle\native\25\windows-amd64\native-platform.dll
0x00007ffebf580000 - 0x00007ffebf58d000 	J:\Android_Studio\AS\jre\jre\bin\management.dll
0x00007ffed36f0000 - 0x00007ffed3707000 	C:\WINDOWS\SYSTEM32\CRYPTSP.dll
0x00007ffed3130000 - 0x00007ffed3163000 	C:\WINDOWS\system32\rsaenh.dll
0x00007ffed37f0000 - 0x00007ffed3815000 	C:\WINDOWS\SYSTEM32\bcrypt.dll
0x00007ffed3c50000 - 0x00007ffed3c79000 	C:\WINDOWS\SYSTEM32\USERENV.dll
0x00007ffed36e0000 - 0x00007ffed36eb000 	C:\WINDOWS\SYSTEM32\CRYPTBASE.dll
0x00007ffed32b0000 - 0x00007ffed32e9000 	C:\WINDOWS\SYSTEM32\IPHLPAPI.DLL
0x00007ffed6180000 - 0x00007ffed6188000 	C:\WINDOWS\System32\NSI.dll
0x00007ffecd060000 - 0x00007ffecd076000 	C:\WINDOWS\SYSTEM32\dhcpcsvc6.DLL
0x00007ffeccde0000 - 0x00007ffeccdfa000 	C:\WINDOWS\SYSTEM32\dhcpcsvc.DLL
0x00007ffebc0a0000 - 0x00007ffebc0c4000 	J:\Android_Studio\AS\jre\jre\bin\sunec.dll
0x00007ffec85e0000 - 0x00007ffec875a000 	C:\Program Files (x86)\Sangfor\SSL\ClientComponent\SangforTcpX64.dll
0x00007ffed53f0000 - 0x00007ffed5539000 	C:\WINDOWS\System32\ole32.dll
0x00007ffed5320000 - 0x00007ffed53e5000 	C:\WINDOWS\System32\OLEAUT32.dll
0x00007ffed3dd0000 - 0x00007ffed3e28000 	C:\WINDOWS\System32\WINTRUST.dll
0x00007ffed3d20000 - 0x00007ffed3d32000 	C:\WINDOWS\System32\MSASN1.dll
0x00007ffed4170000 - 0x00007ffed433e000 	C:\WINDOWS\System32\CRYPT32.dll
0x00007ffec1940000 - 0x00007ffec1966000 	C:\Program Files (x86)\Sangfor\SSL\ClientComponent\SangforNspX64.dll
0x00007ffed32f0000 - 0x00007ffed33a6000 	C:\WINDOWS\SYSTEM32\DNSAPI.dll
0x00007ffecc550000 - 0x00007ffecc55a000 	C:\Windows\System32\rasadhlp.dll
0x00007ffecdbb0000 - 0x00007ffecdc20000 	C:\WINDOWS\System32\fwpuclnt.dll
0x00007ffebe2e0000 - 0x00007ffebe2eb000 	J:\Android_Studio\AS\jre\jre\bin\sunmscapi.dll
0x00007ffed2e60000 - 0x00007ffed2e91000 	C:\WINDOWS\SYSTEM32\ntmarta.dll
0x00007ffed1e00000 - 0x00007ffed1e88000 	C:\WINDOWS\system32\apphelp.dll
0x00007ffecf3b0000 - 0x00007ffecf578000 	C:\WINDOWS\SYSTEM32\dbghelp.dll

VM Arguments:
jvm_args: -Xmx512m -Dfile.encoding=GBK -Duser.country=CN -Duser.language=zh -Duser.variant 
java_command: org.gradle.launcher.daemon.bootstrap.GradleDaemon 4.1
java_class_path (initial): C:\Users\kalyI\.gradle\wrapper\dists\gradle-4.1-all\bzyivzo6n839fup2jbap0tjew\gradle-4.1\lib\gradle-launcher-4.1.jar
Launcher Type: SUN_STANDARD

Environment Variables:
JAVA_HOME=J:\JDK1.8
CLASSPATH=.;J:\JDK1.8\lib\dt.jar;J:\JDK1.8\lib\tools.jar;
PATH=C:\ProgramData\Oracle\Java\javapath;C:\WINDOWS\system32;C:\WINDOWS;C:\WINDOWS\System32\Wbem;C:\WINDOWS\System32\WindowsPowerShell\v1.0\;C:\Program Files\Microsoft\Web Platform Installer\;C:\Program Files (x86)\Microsoft ASP.NET\ASP.NET Web Pages\v1.0\;C:\Program Files (x86)\Microsoft SQL Server\Client SDK\ODBC\130\Tools\Binn\;C:\Program Files (x86)\Microsoft SQL Server\140\Tools\Binn\;C:\Program Files (x86)\Microsoft SQL Server\140\DTS\Binn\;C:\Program Files (x86)\Microsoft SQL Server\140\Tools\Binn\ManagementStudio\;C:\Users\kalyI\Downloads\sqlite-dll-win64-x64-3210000;C:\Program Files (x86)\Microsoft SQL Server\100\Tools\Binn\;C:\Program Files\Microsoft SQL Server\100\Tools\Binn\;C:\Program Files\Microsoft SQL Server\100\DTS\Binn\;C:\Program Files (x86)\Microsoft SQL Server\100\Tools\Binn\VSShell\Common7\IDE\;C:\Program Files (x86)\Microsoft SQL Server\100\DTS\Binn\;C:\Program Files (x86)\Windows Kits\8.0\Windows Performance Toolkit\;C:\Program Files\Microsoft SQL Server\110\Tools\Binn\;C:\Users\kalyI\AppData\Local\GitHubDesktop\bin;J:\JDK1.8\bin;J:\JDK1.8\jre\bin;C:\Users\kalyI\AppData\Local\Microsoft\WindowsApps;
USERNAME=kalyI
OS=Windows_NT
PROCESSOR_IDENTIFIER=Intel64 Family 6 Model 60 Stepping 3, GenuineIntel



---------------  S Y S T E M  ---------------

OS: Windows 10.0 , 64 bit Build 16299 (10.0.16299.15)

CPU:total 4 (initial active 4) (2 cores per cpu, 2 threads per core) family 6 model 60 stepping 3, cmov, cx8, fxsr, mmx, sse, sse2, sse3, ssse3, sse4.1, sse4.2, popcnt, avx, avx2, aes, clmul, erms, lzcnt, ht, tsc, tscinvbit, bmi1, bmi2

Memory: 4k page, physical 8268816k(1502748k free), swap 11416136k(1760292k free)

vm_info: OpenJDK 64-Bit Server VM (25.152-b01) for windows-amd64 JRE (1.8.0_152-release-915-b01), built by "builder" with MS VC++ 10.0 (VS2010)

time: Wed Mar 14 18:41:04 2018
elapsed time: 7394 seconds (0d 2h 3m 14s)

